<?xml version="1.0" encoding="UTF-8"?>
<!-- Generated by org.testng.reporters.JUnitReportReporter -->
<testsuite skipped="0" hostname="DESKTOP-N23G63L" name="New" tests="3" failures="0" timestamp="02 Aug 2020 12:07:01 GMT" time="0.063" errors="0">
  <testcase name="testCase_001" time="0.063" classname="New"/>
  <testcase name="testCase_003" time="0.000" classname="New"/>
  <testcase name="testCase_002" time="0.000" classname="New"/>
</testsuite> <!-- New -->
