<?xml version="1.0" encoding="UTF-8"?>
<!-- Generated by org.testng.reporters.JUnitReportReporter -->
<testsuite skipped="0" hostname="DESKTOP-N23G63L" name="Test_Script" tests="4" failures="0" timestamp="11 Sep 2020 17:20:08 GMT" time="11.542" errors="0">
  <testcase name="testMethod" time="2.327" classname="Test_Script"/>
  <testcase name="testMethod" time="3.342" classname="Test_Script"/>
  <testcase name="testMethod" time="2.560" classname="Test_Script"/>
  <testcase name="testMethod" time="3.313" classname="Test_Script"/>
</testsuite> <!-- Test_Script -->
