<?xml version="1.0" encoding="UTF-8"?>
<!-- Generated by org.testng.reporters.JUnitReportReporter -->
<testsuite skipped="0" hostname="DESKTOP-N23G63L" name="Test_Script" tests="4" failures="0" timestamp="02 Aug 2020 17:32:55 GMT" time="9.831" errors="0">
  <testcase name="testMethod" time="2.863" classname="Test_Script"/>
  <testcase name="testMethod" time="2.279" classname="Test_Script"/>
  <testcase name="testMethod" time="2.348" classname="Test_Script"/>
  <testcase name="testMethod" time="2.341" classname="Test_Script"/>
</testsuite> <!-- Test_Script -->
