<?xml version="1.0" encoding="UTF-8"?>
<!-- Generated by org.testng.reporters.JUnitReportReporter -->
<testsuite skipped="0" hostname="DESKTOP-N23G63L" name="TC_001" tests="3" failures="0" timestamp="02 Aug 2020 13:14:08 GMT" time="0.016" errors="0">
  <testcase name="myTest" time="0.000" classname="TC_001"/>
  <testcase name="myTest" time="0.000" classname="TC_001"/>
  <testcase name="myTest" time="0.016" classname="TC_001"/>
</testsuite> <!-- TC_001 -->
